#
# A fatal error has been detected by the Java Runtime Environment:
#
#  EXCEPTION_ACCESS_VIOLATION (0xc0000005) at pc=0x00000000678a100e, pid=22388, tid=412
#
# JRE version: Java(TM) SE Runtime Environment (8.0_91-b14) (build 1.8.0_91-b14)
# Java VM: Java HotSpot(TM) 64-Bit Server VM (25.91-b14 mixed mode windows-amd64 compressed oops)
# Problematic frame:
# C  [jdwp.dll+0x2100e]
#
# Failed to write core dump. Minidumps are not enabled by default on client versions of Windows
#
# If you would like to submit a bug report, please visit:
#   http://bugreport.java.com/bugreport/crash.jsp
# The crash happened outside the Java Virtual Machine in native code.
# See problematic frame for where to report the bug.
#

---------------  T H R E A D  ---------------

Current thread (0x000000001c568000):  JavaThread "JDWP Command Reader" daemon [_thread_in_native, id=412, stack(0x000000001e130000,0x000000001e230000)]

siginfo: ExceptionCode=0xc0000005, reading address 0x0000000000000000

Registers:
RAX=0x00000000678af5a0, RBX=0x000000001c568000, RCX=0x0000000000000000, RDX=0x000000001c556080
RSP=0x000000001e22f330, RBP=0x00000000678a91a8, RSI=0x000000001c556080, RDI=0x0000000024d13a20
R8 =0x000000001e22f0c8, R9 =0x000000001e22f140